\BOOKMARK [0][-]{Doc-Start}{Resumo}{}% 1
\BOOKMARK [0][-]{Doc-Start}{Agradecimentos}{}% 2
\BOOKMARK [0][-]{chapter*.2}{Lista de Figuras}{}% 3
\BOOKMARK [0][-]{chapter*.3}{Lista de Tabelas}{}% 4
\BOOKMARK [0][-]{chapter.1}{Introdu\347\343o}{}% 5
\BOOKMARK [1][-]{section.1.1}{Motiva\347\343o e Justificativa}{chapter.1}% 6
\BOOKMARK [1][-]{section.1.2}{Objetivos do Projeto}{chapter.1}% 7
\BOOKMARK [1][-]{section.1.3}{Organiza\347\343o do Trabalho}{chapter.1}% 8
\BOOKMARK [0][-]{chapter.2}{Revis\343o Bibliogr\341fica}{}% 9
\BOOKMARK [1][-]{section.2.1}{Carteira Nacional de Habilita\347\343o}{chapter.2}% 10
\BOOKMARK [1][-]{section.2.2}{Linguagens de Programa\347\343o e Bibliotecas de Processamento de Imagens}{chapter.2}% 11
\BOOKMARK [2][-]{subsection.2.2.1}{Linguagem C++}{section.2.2}% 12
\BOOKMARK [2][-]{subsection.2.2.2}{Biblioteca OpenCV}{section.2.2}% 13
\BOOKMARK [2][-]{subsection.2.2.3}{Linguagem C\043}{section.2.2}% 14
\BOOKMARK [2][-]{subsection.2.2.4}{Biblioteca EmguCV}{section.2.2}% 15
\BOOKMARK [1][-]{section.2.3}{Resumo do Cap\355tulo}{chapter.2}% 16
\BOOKMARK [0][-]{chapter.3}{Metodologia}{}% 17
\BOOKMARK [1][-]{section.3.1}{T\351cnica 1}{chapter.3}% 18
\BOOKMARK [1][-]{section.3.2}{T\351cnica 2}{chapter.3}% 19
\BOOKMARK [1][-]{section.3.3}{Resumo do Cap\355tulo}{chapter.3}% 20
\BOOKMARK [0][-]{chapter.4}{Resultados}{}% 21
\BOOKMARK [1][-]{section.4.1}{Atividades do Projeto}{chapter.4}% 22
\BOOKMARK [1][-]{section.4.2}{Requisitos do Sistema}{chapter.4}% 23
\BOOKMARK [1][-]{section.4.3}{Desenvolvimeto e Implementa\347\343o}{chapter.4}% 24
\BOOKMARK [1][-]{section.4.4}{Testes}{chapter.4}% 25
\BOOKMARK [1][-]{section.4.5}{Resumo do Cap\355tulo}{chapter.4}% 26
\BOOKMARK [0][-]{chapter.5}{Conclus\365es}{}% 27
\BOOKMARK [1][-]{section.5.1}{Considera\347\365es Finais}{chapter.5}% 28
\BOOKMARK [1][-]{section.5.2}{Propostas de Continuidade}{chapter.5}% 29
\BOOKMARK [0][-]{section.5.2}{Refer\352ncias Bibliogr\341ficas}{}% 30
